2015-11-12  [INFO] This is an info message.
2015-11-12  [ERROR] This is an info message.
2015-11-12  [INFO] This is an info message.
2015-11-12  [ERROR] This is an info message.
2015-11-12 16:44:43 [INFO] This is an info message.
2015-11-12 16:44:43 [ERROR] This is an info message.
2015-11-12 16:59:45 [INFO] This is an info message
2015-11-12 16:59:45 [ERROR] This is an info message
2015-11-12 17:00:02 [INFO] This is an info message
2015-11-12 17:00:02 [ERROR] This is an info message
2015-11-12 17:07:24 [INFO] This is an info message
2015-11-12 17:07:24 [ERROR] This is an error message. OH NOES!
2015-11-12  [INFO] This is an info message
2015-11-12  [ERROR] This is an error message. OH NOES!
2015-11-12  [INFO] This is an info message
2015-11-12  [ERROR] This is an error message. OH NOES!
2015-11-12  [INFO] This is an info message
2015-11-12  [ERROR] This is an error message. OH NOES!
2015-11-12  [INFO] This is an info message
2015-11-12  [ERROR] This is an error message. OH NOES!
2015-11-12 17:30:25 [INFO] This is an info message
2015-11-12 17:30:25 [ERROR] This is an error message. OH NOES!
2015-11-12 11:31:27 [INFO] This is an info message
2015-11-12 11:31:27 [ERROR] This is an error message. OH NOES!
